2026-02-22 20:22:56 [[32minfo[39m]: ✅ Database connected successfully
2026-02-22 20:22:56 [[32minfo[39m]: 🚀 Server running on port 3000
2026-02-22 20:46:03 [[32minfo[39m]: ✅ Database connected successfully
2026-02-22 20:46:03 [[32minfo[39m]: 🚀 Server running on port 3000
2026-02-22 20:46:37 [[32minfo[39m]: ✅ Database connected successfully
2026-02-22 20:46:37 [[32minfo[39m]: 🚀 Server running on port 3000
2026-02-22 20:46:49 [[32minfo[39m]: ✅ Database connected successfully
2026-02-22 20:46:49 [[32minfo[39m]: 🚀 Server running on port 3000
2026-02-22 20:46:58 [[32minfo[39m]: Admin registered {"adminId":"7f1aa37a-c921-4299-90a2-d17ce670575f"}
2026-02-22 20:48:01 [[32minfo[39m]: Admin logged in {"adminId":"7f1aa37a-c921-4299-90a2-d17ce670575f"}
2026-02-22 20:53:03 [[32minfo[39m]: ✅ Database connected successfully
2026-02-22 20:53:03 [[32minfo[39m]: 🚀 Server running on port 3000
2026-02-22 20:53:58 [[32minfo[39m]: ✅ Database connected successfully
2026-02-22 20:53:58 [[32minfo[39m]: 🚀 Server running on port 3000
2026-02-22 20:54:36 [[32minfo[39m]: ✅ Database connected successfully
2026-02-22 20:54:36 [[32minfo[39m]: 🚀 Server running on port 3000
2026-02-22 20:54:52 [[32minfo[39m]: ✅ Database connected successfully
2026-02-22 20:54:52 [[32minfo[39m]: 🚀 Server running on port 3000
2026-02-22 20:56:59 [[32minfo[39m]: ✅ Database connected successfully
2026-02-22 20:56:59 [[32minfo[39m]: 🚀 Server running on port 3000
2026-02-22 21:00:12 [[32minfo[39m]: ✅ Database connected successfully
2026-02-22 21:00:12 [[32minfo[39m]: 🚀 Server running on port 3000
2026-02-22 21:01:13 [[32minfo[39m]: ✅ Database connected successfully
2026-02-22 21:01:13 [[32minfo[39m]: 🚀 Server running on port 3000
2026-02-22 21:01:37 [[32minfo[39m]: ✅ Database connected successfully
2026-02-22 21:01:37 [[32minfo[39m]: 🚀 Server running on port 3000
2026-02-22 21:01:53 [[32minfo[39m]: ✅ Database connected successfully
2026-02-22 21:01:53 [[32minfo[39m]: 🚀 Server running on port 3000
2026-02-22 21:02:16 [[32minfo[39m]: ✅ Database connected successfully
2026-02-22 21:02:16 [[32minfo[39m]: 🚀 Server running on port 3000
2026-02-22 21:02:24 [[32minfo[39m]: ✅ Database connected successfully
2026-02-22 21:02:24 [[32minfo[39m]: 🚀 Server running on port 3000
2026-02-22 21:02:32 [[32minfo[39m]: ✅ Database connected successfully
2026-02-22 21:02:32 [[32minfo[39m]: 🚀 Server running on port 3000
2026-02-22 21:05:49 [[32minfo[39m]: ✅ Database connected successfully
2026-02-22 21:05:49 [[32minfo[39m]: 🚀 Server running on port 3000
2026-02-22 21:06:07 [[32minfo[39m]: ✅ Database connected successfully
2026-02-22 21:06:07 [[32minfo[39m]: 🚀 Server running on port 3000
2026-02-22 21:09:43 [[32minfo[39m]: ✅ Database connected successfully
2026-02-22 21:09:43 [[32minfo[39m]: 🚀 Server running on port 3000
2026-02-22 21:10:11 [[32minfo[39m]: ✅ Database connected successfully
2026-02-22 21:10:11 [[32minfo[39m]: 🚀 Server running on port 3000
2026-02-22 21:10:42 [[32minfo[39m]: ✅ Database connected successfully
2026-02-22 21:10:42 [[32minfo[39m]: 🚀 Server running on port 3000
2026-02-22 21:11:30 [[32minfo[39m]: ✅ Database connected successfully
2026-02-22 21:11:30 [[32minfo[39m]: 🚀 Server running on port 3000
2026-02-22 21:12:47 [[32minfo[39m]: ✅ Database connected successfully
2026-02-22 21:12:47 [[32minfo[39m]: 🚀 Server running on port 3000
2026-02-22 21:15:56 [[32minfo[39m]: Admin logged in {"adminId":"7f1aa37a-c921-4299-90a2-d17ce670575f"}
2026-02-22 21:16:22 [[32minfo[39m]: QR code generated {"sessionId":"45959541-52bc-4d61-ae4a-7cd24f724d4d"}
2026-02-22 21:28:20 [[32minfo[39m]: QR code generated {"sessionId":"baa57925-962f-440e-8632-f171348ad846"}
2026-02-22 21:42:34 [[32minfo[39m]: ✅ Database connected successfully
2026-02-22 21:42:34 [[32minfo[39m]: 🚀 Server running on port 3000
2026-02-22 21:42:42 [[32minfo[39m]: ✅ Database connected successfully
2026-02-22 21:42:42 [[32minfo[39m]: 🚀 Server running on port 3000
2026-02-23 09:05:47 [[32minfo[39m]: ✅ Database connected successfully
2026-02-23 09:05:47 [[32minfo[39m]: 🚀 Server running on port 3000
2026-02-23 09:56:15 [[32minfo[39m]: ✅ Database connected successfully
2026-02-23 09:56:15 [[32minfo[39m]: 🚀 Server running on port 3000
2026-02-23 09:56:21 [[32minfo[39m]: Direct session created {"sessionId":"d44d72d4-1447-42e7-8401-a72784233315"}
2026-02-23 09:56:32 [[32minfo[39m]: Direct session created {"sessionId":"4d627b2a-faff-48c7-81a7-c019c919b482"}
2026-02-23 09:56:44 [[34mdebug[39m]: Emitted biometric:verified {"sessionId":"4d627b2a-faff-48c7-81a7-c019c919b482","biometricId":"de9dbac7-04ec-4eb3-882f-ffb6049123ab"}
2026-02-23 09:56:44 [[34mdebug[39m]: Emitted session:scanned {"sessionId":"4d627b2a-faff-48c7-81a7-c019c919b482"}
2026-02-23 09:56:44 [[32minfo[39m]: Session marked as scanned {"sessionId":"4d627b2a-faff-48c7-81a7-c019c919b482"}
2026-02-23 09:56:44 [[32minfo[39m]: Biometric registered successfully {"biometricId":"de9dbac7-04ec-4eb3-882f-ffb6049123ab","sessionId":"4d627b2a-faff-48c7-81a7-c019c919b482"}
2026-02-23 09:56:44 [[32minfo[39m]: Biometric verified {"biometricId":"de9dbac7-04ec-4eb3-882f-ffb6049123ab"}
2026-02-23 09:56:53 [[32minfo[39m]: Direct session created {"sessionId":"91d99b3f-b1dd-4bf1-8c1c-14f710266538"}
2026-02-23 09:57:05 [[32minfo[39m]: Direct session created {"sessionId":"56678826-0abe-44fe-a96a-e780bed209b5"}
2026-02-23 09:57:18 [[33mwarn[39m]: Duplicate fingerprint hash detected {"fingerprintHash":"eyJ0eXBlIjoid2ViYXV0aG4uY3JlYXRlIiwiY2hhbGxlbmdlIjoiQUFBQUFBQUFBQUFBQUFBQUFBQUFBQUFBQUFBQUFBQUFBQUFBQUFBQUFBQSIsIm9yaWdpbiI6Imh0dHA6Ly9sb2NhbGhvc3Q6NTE3MyIsImNyb3NzT3JpZ2luIjpmYWxzZX0="}
2026-02-23 10:03:13 [[32minfo[39m]: Direct session created {"sessionId":"1cb020da-9bb1-4ddc-a18a-69097cb5c30d"}
2026-02-23 10:07:45 [[32minfo[39m]: Direct session created {"sessionId":"e9e7a9ab-6aa5-46e7-be33-88e5e0164c3e"}
2026-02-23 10:08:04 [[33mwarn[39m]: Duplicate fingerprint hash detected {"fingerprintHash":"eyJ0eXBlIjoid2ViYXV0aG4uY3JlYXRlIiwiY2hhbGxlbmdlIjoiQUFBQUFBQUFBQUFBQUFBQUFBQUFBQUFBQUFBQUFBQUFBQUFBQUFBQUFBQSIsIm9yaWdpbiI6Imh0dHA6Ly9sb2NhbGhvc3Q6NTE3MyIsImNyb3NzT3JpZ2luIjpmYWxzZX0="}
2026-02-23 10:09:19 [[32minfo[39m]: Direct session created {"sessionId":"cd4e8eb1-3445-4728-b274-05b86ce44cbf"}
2026-02-23 10:11:17 [[32minfo[39m]: Direct session created {"sessionId":"4d13d503-e6f9-4b0b-9163-9f9c9b676d0d"}
2026-02-23 10:11:23 [[32minfo[39m]: Direct session created {"sessionId":"7b7f703a-7bdd-40fe-a05d-54b623222a57"}
2026-02-23 10:11:36 [[34mdebug[39m]: Emitted biometric:verified {"sessionId":"7b7f703a-7bdd-40fe-a05d-54b623222a57","biometricId":"a5ee87aa-2364-4ab0-b1c8-c31a39e01569"}
2026-02-23 10:11:36 [[34mdebug[39m]: Emitted session:scanned {"sessionId":"7b7f703a-7bdd-40fe-a05d-54b623222a57"}
2026-02-23 10:11:36 [[32minfo[39m]: Session marked as scanned {"sessionId":"7b7f703a-7bdd-40fe-a05d-54b623222a57"}
2026-02-23 10:11:36 [[32minfo[39m]: Biometric registered successfully {"biometricId":"a5ee87aa-2364-4ab0-b1c8-c31a39e01569","sessionId":"7b7f703a-7bdd-40fe-a05d-54b623222a57"}
2026-02-23 10:11:36 [[32minfo[39m]: Biometric verified {"biometricId":"a5ee87aa-2364-4ab0-b1c8-c31a39e01569"}
2026-02-23 10:11:57 [[32minfo[39m]: Session marked as completed {"sessionId":"7b7f703a-7bdd-40fe-a05d-54b623222a57"}
2026-02-23 10:11:57 [[34mdebug[39m]: Emitted vote:cast {"sessionId":"7b7f703a-7bdd-40fe-a05d-54b623222a57"}
2026-02-23 10:11:57 [[32minfo[39m]: Vote cast successfully {"voteId":"2e69d727-7842-4363-a2ea-25331244dc58","sessionId":"7b7f703a-7bdd-40fe-a05d-54b623222a57"}
2026-02-23 10:11:57 [[32minfo[39m]: Vote cast {"voteId":"2e69d727-7842-4363-a2ea-25331244dc58"}
2026-02-23 10:15:08 [[32minfo[39m]: Direct session created {"sessionId":"0e0906c3-2ef0-496a-967e-58cce75b842e"}
2026-02-23 10:15:23 [[32minfo[39m]: Direct session created {"sessionId":"c268bbeb-e0b7-4d26-a366-2fc2b5e14212"}
2026-02-23 10:15:35 [[34mdebug[39m]: Emitted biometric:verified {"sessionId":"c268bbeb-e0b7-4d26-a366-2fc2b5e14212","biometricId":"97a91e90-eb05-46a5-87bb-d07ab100c5b6"}
2026-02-23 10:15:35 [[34mdebug[39m]: Emitted session:scanned {"sessionId":"c268bbeb-e0b7-4d26-a366-2fc2b5e14212"}
2026-02-23 10:15:35 [[32minfo[39m]: Session marked as scanned {"sessionId":"c268bbeb-e0b7-4d26-a366-2fc2b5e14212"}
2026-02-23 10:15:35 [[32minfo[39m]: Biometric registered successfully {"biometricId":"97a91e90-eb05-46a5-87bb-d07ab100c5b6","sessionId":"c268bbeb-e0b7-4d26-a366-2fc2b5e14212"}
2026-02-23 10:15:35 [[32minfo[39m]: Biometric verified {"biometricId":"97a91e90-eb05-46a5-87bb-d07ab100c5b6"}
2026-02-23 10:15:43 [[32minfo[39m]: Session marked as completed {"sessionId":"c268bbeb-e0b7-4d26-a366-2fc2b5e14212"}
2026-02-23 10:15:43 [[34mdebug[39m]: Emitted vote:cast {"sessionId":"c268bbeb-e0b7-4d26-a366-2fc2b5e14212"}
2026-02-23 10:15:43 [[32minfo[39m]: Vote cast successfully {"voteId":"244ef86a-e98e-4abb-9670-1f27cb2df20d","sessionId":"c268bbeb-e0b7-4d26-a366-2fc2b5e14212"}
2026-02-23 10:15:43 [[32minfo[39m]: Vote cast {"voteId":"244ef86a-e98e-4abb-9670-1f27cb2df20d"}
2026-02-23 10:39:21 [[32minfo[39m]: Admin logged in {"adminId":"7f1aa37a-c921-4299-90a2-d17ce670575f"}
2026-02-23 10:39:21 [[34mdebug[39m]: Admin authenticated {"adminId":"7f1aa37a-c921-4299-90a2-d17ce670575f"}
2026-02-23 10:39:21 [[34mdebug[39m]: Admin authenticated {"adminId":"7f1aa37a-c921-4299-90a2-d17ce670575f"}
2026-02-23 10:39:52 [[34mdebug[39m]: Admin authenticated {"adminId":"7f1aa37a-c921-4299-90a2-d17ce670575f"}
2026-02-23 10:49:01 [[32minfo[39m]: Admin logged in {"adminId":"7f1aa37a-c921-4299-90a2-d17ce670575f"}
2026-02-23 10:49:01 [[34mdebug[39m]: Admin authenticated {"adminId":"7f1aa37a-c921-4299-90a2-d17ce670575f"}
2026-02-23 10:49:01 [[34mdebug[39m]: Admin authenticated {"adminId":"7f1aa37a-c921-4299-90a2-d17ce670575f"}
2026-02-23 10:49:11 [[32minfo[39m]: Direct session created {"sessionId":"a5dbe6fa-9a1c-420a-a13a-9cc169da3a18"}
2026-02-23 10:52:52 [[32minfo[39m]: Direct session created {"sessionId":"49c717ef-bace-481a-b2e5-ae93ebb62a55"}
2026-02-23 10:53:10 [[34mdebug[39m]: Emitted biometric:verified {"sessionId":"49c717ef-bace-481a-b2e5-ae93ebb62a55","biometricId":"4673af35-aa3e-4b47-9cca-7c96bd3b9cab"}
2026-02-23 10:53:10 [[34mdebug[39m]: Emitted session:scanned {"sessionId":"49c717ef-bace-481a-b2e5-ae93ebb62a55"}
2026-02-23 10:53:10 [[32minfo[39m]: Session marked as scanned {"sessionId":"49c717ef-bace-481a-b2e5-ae93ebb62a55"}
2026-02-23 10:53:10 [[32minfo[39m]: Biometric registered successfully {"biometricId":"4673af35-aa3e-4b47-9cca-7c96bd3b9cab","sessionId":"49c717ef-bace-481a-b2e5-ae93ebb62a55"}
2026-02-23 10:53:10 [[32minfo[39m]: Biometric verified {"biometricId":"4673af35-aa3e-4b47-9cca-7c96bd3b9cab"}
2026-02-23 10:55:30 [[32minfo[39m]: Session marked as completed {"sessionId":"49c717ef-bace-481a-b2e5-ae93ebb62a55"}
2026-02-23 10:55:30 [[34mdebug[39m]: Emitted vote:cast {"sessionId":"49c717ef-bace-481a-b2e5-ae93ebb62a55"}
2026-02-23 10:55:30 [[32minfo[39m]: Vote cast successfully {"voteId":"ad758a04-c9ae-4c01-82b0-5e9b34555215","sessionId":"49c717ef-bace-481a-b2e5-ae93ebb62a55"}
2026-02-23 10:55:30 [[32minfo[39m]: Vote cast {"voteId":"ad758a04-c9ae-4c01-82b0-5e9b34555215"}
